0 silly argv { _: [ 'bootstrap' ],
0 silly argv   lernaVersion: '3.15.0',
0 silly argv   '$0': 'node_modules\\lerna\\cli.js' }
1 notice cli v3.15.0
2 verbose rootPath C:\Users\nangt\workspaces\tracer-client
3 verbose hoist using globs ["**"]
4 silly batched [ PackageGraphNode {
4 silly batched     name: 'tracer-dev-tools',
4 silly batched     externalDependencies:
4 silly batched      Map {
4 silly batched        'copyfiles' => [Object],
4 silly batched        'cors' => [Object],
4 silly batched        'ts-loader' => [Object],
4 silly batched        'webpack' => [Object],
4 silly batched        'webpack-dev-server' => [Object],
4 silly batched        '@types/http-proxy' => [Object],
4 silly batched        '@types/jasmine' => [Object],
4 silly batched        '@types/node' => [Object],
4 silly batched        '@types/promise' => [Object],
4 silly batched        '@types/reflect-metadata' => [Object],
4 silly batched        'dot' => [Object],
4 silly batched        'http' => [Object],
4 silly batched        'http-proxy' => [Object],
4 silly batched        'open' => [Object],
4 silly batched        'reflect-metadata' => [Object],
4 silly batched        'ts-node' => [Object] },
4 silly batched     localDependencies: Map {},
4 silly batched     localDependents: Map {} },
4 silly batched   PackageGraphNode {
4 silly batched     name: 'tracer-client',
4 silly batched     externalDependencies:
4 silly batched      Map {
4 silly batched        '@types/xml2js' => [Object],
4 silly batched        'copyfiles' => [Object],
4 silly batched        'istanbul' => [Object],
4 silly batched        'jasmine' => [Object],
4 silly batched        'jasmine-spec-reporter' => [Object],
4 silly batched        'jasmine-ts' => [Object],
4 silly batched        'ts-loader' => [Object],
4 silly batched        'typescript' => [Object],
4 silly batched        'webpack' => [Object],
4 silly batched        'webpack-cli' => [Object],
4 silly batched        'webpack-dev-server' => [Object],
4 silly batched        'xml2js' => [Object],
4 silly batched        '@types/http-proxy' => [Object],
4 silly batched        '@types/jasmine' => [Object],
4 silly batched        '@types/node' => [Object],
4 silly batched        '@types/promise' => [Object],
4 silly batched        '@types/reflect-metadata' => [Object],
4 silly batched        '@types/webpack' => [Object],
4 silly batched        'dot' => [Object],
4 silly batched        'http' => [Object],
4 silly batched        'http-proxy' => [Object],
4 silly batched        'open' => [Object],
4 silly batched        'reflect-metadata' => [Object],
4 silly batched        'stream' => [Object],
4 silly batched        'timers' => [Object],
4 silly batched        'ts-node' => [Object] },
4 silly batched     localDependencies: Map {},
4 silly batched     localDependents: Map {} },
4 silly batched   PackageGraphNode {
4 silly batched     name: 'tracer-view-classic',
4 silly batched     externalDependencies:
4 silly batched      Map {
4 silly batched        '@angular-devkit/build-angular' => [Object],
4 silly batched        '@angular/cli' => [Object],
4 silly batched        '@angular/compiler-cli' => [Object],
4 silly batched        '@angular/language-service' => [Object],
4 silly batched        '@types/jasmine' => [Object],
4 silly batched        '@types/jasminewd2' => [Object],
4 silly batched        '@types/node' => [Object],
4 silly batched        'codelyzer' => [Object],
4 silly batched        'jasmine-core' => [Object],
4 silly batched        'jasmine-spec-reporter' => [Object],
4 silly batched        'karma' => [Object],
4 silly batched        'karma-chrome-launcher' => [Object],
4 silly batched        'karma-coverage-istanbul-reporter' => [Object],
4 silly batched        'karma-jasmine' => [Object],
4 silly batched        'karma-jasmine-html-reporter' => [Object],
4 silly batched        'protractor' => [Object],
4 silly batched        'ts-node' => [Object],
4 silly batched        'tslint' => [Object],
4 silly batched        'typescript' => [Object],
4 silly batched        '@angular/animations' => [Object],
4 silly batched        '@angular/cdk' => [Object],
4 silly batched        '@angular/common' => [Object],
4 silly batched        '@angular/compiler' => [Object],
4 silly batched        '@angular/core' => [Object],
4 silly batched        '@angular/forms' => [Object],
4 silly batched        '@angular/material' => [Object],
4 silly batched        '@angular/platform-browser' => [Object],
4 silly batched        '@angular/platform-browser-dynamic' => [Object],
4 silly batched        '@angular/router' => [Object],
4 silly batched        'angular-tree-component' => [Object],
4 silly batched        'core-js' => [Object],
4 silly batched        'hammerjs' => [Object],
4 silly batched        'install' => [Object],
4 silly batched        'libxmljs' => [Object],
4 silly batched        'npm' => [Object],
4 silly batched        'rxjs' => [Object],
4 silly batched        'tslib' => [Object],
4 silly batched        'xmldoc' => [Object],
4 silly batched        'zone.js' => [Object] },
4 silly batched     localDependencies: Map {},
4 silly batched     localDependents: Map {} } ]
5 silly npmConfig { registry: undefined,
5 silly npmConfig   npmClient: 'npm',
5 silly npmConfig   npmClientArgs: [],
5 silly npmConfig   mutex: undefined }
6 info Bootstrapping 3 packages
7 verbose lifecycle preinstall
8 silly lifecycle No script for "preinstall" in "tracer-dev-tools", continuing
9 silly lifecycle No script for "preinstall" in "tracer-client", continuing
10 silly lifecycle No script for "preinstall" in "tracer-view-classic", continuing
11 warn EHOIST_ROOT_VERSION The repository root depends on @angular/animations@^8.1.1, which differs from the more common @angular/animations@^8.0.3.
12 warn EHOIST_PKG_VERSION "tracer-view-classic" package depends on @angular/animations@^8.0.3, which differs from the hoisted @angular/animations@^8.1.1.
13 warn EHOIST_ROOT_VERSION The repository root depends on @angular/cdk@^8.1.1, which differs from the more common @angular/cdk@github:angular/cdk-builds.
14 warn EHOIST_PKG_VERSION "tracer-view-classic" package depends on @angular/cdk@github:angular/cdk-builds, which differs from the hoisted @angular/cdk@^8.1.1.
15 warn EHOIST_ROOT_VERSION The repository root depends on @angular/material@^8.1.1, which differs from the more common @angular/material@github:angular/material2-builds.
16 warn EHOIST_PKG_VERSION "tracer-view-classic" package depends on @angular/material@github:angular/material2-builds, which differs from the hoisted @angular/material@^8.1.1.
17 warn EHOIST_PKG_VERSION "tracer-view-classic" package depends on @types/jasmine@~3.3.8, which differs from the hoisted @types/jasmine@^3.3.13.
18 warn EHOIST_PKG_VERSION "tracer-view-classic" package depends on @types/node@~8.9.4, which differs from the hoisted @types/node@^12.0.4.
19 warn EHOIST_PKG_VERSION "tracer-view-classic" package depends on ts-node@~7.0.0, which differs from the hoisted ts-node@^8.2.0.
20 warn EHOIST_PKG_VERSION "tracer-client" package depends on jasmine-spec-reporter@^4.2.1, which differs from the hoisted jasmine-spec-reporter@~4.2.1.
21 warn EHOIST_PKG_VERSION "tracer-client" package depends on typescript@^3.5.1, which differs from the hoisted typescript@~3.4.3.
22 silly hasDependencyInstalled pega-tracer copyfiles
23 silly hasDependencyInstalled pega-tracer lerna
24 silly hasDependencyInstalled pega-tracer @angular/animations
25 silly hasDependencyInstalled pega-tracer @angular/cdk
26 silly hasDependencyInstalled pega-tracer @angular/material
27 silly hasDependencyInstalled pega-tracer cors
28 silly hasDependencyInstalled pega-tracer ts-loader
29 silly hasDependencyInstalled pega-tracer webpack
30 silly hasDependencyInstalled pega-tracer webpack-dev-server
31 silly hasDependencyInstalled pega-tracer @types/http-proxy
32 silly hasDependencyInstalled pega-tracer @types/jasmine
33 silly hasDependencyInstalled pega-tracer @types/node
34 silly hasDependencyInstalled pega-tracer @types/promise
35 silly hasDependencyInstalled pega-tracer @types/reflect-metadata
36 silly hasDependencyInstalled pega-tracer dot
37 silly hasDependencyInstalled pega-tracer http
38 silly hasDependencyInstalled pega-tracer http-proxy
39 silly hasDependencyInstalled pega-tracer open
40 silly hasDependencyInstalled pega-tracer reflect-metadata
41 silly hasDependencyInstalled pega-tracer ts-node
42 silly hasDependencyInstalled pega-tracer @types/xml2js
43 silly hasDependencyInstalled pega-tracer istanbul
44 silly hasDependencyInstalled pega-tracer jasmine
45 silly hasDependencyInstalled pega-tracer jasmine-spec-reporter
46 silly hasDependencyInstalled pega-tracer jasmine-ts
47 silly hasDependencyInstalled pega-tracer typescript
48 silly hasDependencyInstalled pega-tracer webpack-cli
49 silly hasDependencyInstalled pega-tracer xml2js
50 silly hasDependencyInstalled pega-tracer @types/webpack
51 silly hasDependencyInstalled pega-tracer stream
52 silly hasDependencyInstalled pega-tracer timers
53 silly hasDependencyInstalled pega-tracer @angular-devkit/build-angular
54 silly hasDependencyInstalled pega-tracer @angular/cli
55 silly hasDependencyInstalled pega-tracer @angular/compiler-cli
56 silly hasDependencyInstalled pega-tracer @angular/language-service
57 silly hasDependencyInstalled pega-tracer @types/jasminewd2
58 silly hasDependencyInstalled pega-tracer codelyzer
59 silly hasDependencyInstalled pega-tracer jasmine-core
60 silly hasDependencyInstalled pega-tracer karma
61 silly hasDependencyInstalled pega-tracer karma-chrome-launcher
62 silly hasDependencyInstalled pega-tracer karma-coverage-istanbul-reporter
63 silly hasDependencyInstalled pega-tracer karma-jasmine
64 silly hasDependencyInstalled pega-tracer karma-jasmine-html-reporter
65 silly hasDependencyInstalled pega-tracer protractor
66 silly hasDependencyInstalled pega-tracer tslint
67 silly hasDependencyInstalled pega-tracer @angular/common
68 silly hasDependencyInstalled pega-tracer @angular/compiler
69 silly hasDependencyInstalled pega-tracer @angular/core
70 silly hasDependencyInstalled pega-tracer @angular/forms
71 silly hasDependencyInstalled pega-tracer @angular/platform-browser
72 silly hasDependencyInstalled pega-tracer @angular/platform-browser-dynamic
73 silly hasDependencyInstalled pega-tracer @angular/router
74 silly hasDependencyInstalled pega-tracer angular-tree-component
75 silly hasDependencyInstalled pega-tracer core-js
76 silly hasDependencyInstalled pega-tracer hammerjs
77 silly hasDependencyInstalled pega-tracer install
78 silly hasDependencyInstalled pega-tracer libxmljs
79 silly hasDependencyInstalled pega-tracer npm
80 silly hasDependencyInstalled pega-tracer rxjs
81 silly hasDependencyInstalled pega-tracer tslib
82 silly hasDependencyInstalled pega-tracer xmldoc
83 silly hasDependencyInstalled pega-tracer zone.js
84 silly hasDependencyInstalled tracer-view-classic @angular/animations
85 silly hasDependencyInstalled tracer-view-classic @angular/cdk
86 silly hasDependencyInstalled tracer-view-classic @angular/material
87 silly hasDependencyInstalled tracer-view-classic @types/jasmine
88 silly hasDependencyInstalled tracer-view-classic @types/node
89 silly hasDependencyInstalled tracer-view-classic ts-node
90 silly hasDependencyInstalled tracer-client jasmine-spec-reporter
91 silly hasDependencyInstalled tracer-client typescript
92 silly root dependencies {}
93 silly leaf dependencies {}
94 info Installing external dependencies
95 verbose actions 3 actions, concurrency 8
96 info hoist Installing hoisted dependencies into root
97 silly npmInstallDependencies pega-tracer [ 'copyfiles@^2.1.0',
97 silly npmInstallDependencies   'lerna@^3.15.0',
97 silly npmInstallDependencies   '@angular/animations@^8.1.1',
97 silly npmInstallDependencies   '@angular/cdk@^8.1.1',
97 silly npmInstallDependencies   '@angular/material@^8.1.1',
97 silly npmInstallDependencies   'cors@^2.8.5',
97 silly npmInstallDependencies   'ts-loader@^5.4.4',
97 silly npmInstallDependencies   'webpack@^4.32.2',
97 silly npmInstallDependencies   'webpack-dev-server@^3.5.1',
97 silly npmInstallDependencies   '@types/http-proxy@^1.17.0',
97 silly npmInstallDependencies   '@types/jasmine@^3.3.13',
97 silly npmInstallDependencies   '@types/node@^12.0.4',
97 silly npmInstallDependencies   '@types/promise@^7.1.30',
97 silly npmInstallDependencies   '@types/reflect-metadata@^0.1.0',
97 silly npmInstallDependencies   'dot@^1.1.2',
97 silly npmInstallDependencies   'http@0.0.0',
97 silly npmInstallDependencies   'http-proxy@^1.17.0',
97 silly npmInstallDependencies   'open@^6.3.0',
97 silly npmInstallDependencies   'reflect-metadata@^0.1.13',
97 silly npmInstallDependencies   'ts-node@^8.2.0',
97 silly npmInstallDependencies   '@types/xml2js@^0.4.4',
97 silly npmInstallDependencies   'istanbul@^0.4.5',
97 silly npmInstallDependencies   'jasmine@^2.99.0',
97 silly npmInstallDependencies   'jasmine-spec-reporter@~4.2.1',
97 silly npmInstallDependencies   'jasmine-ts@^0.3.0',
97 silly npmInstallDependencies   'typescript@~3.4.3',
97 silly npmInstallDependencies   'webpack-cli@^3.2.3',
97 silly npmInstallDependencies   'xml2js@^0.4.19',
97 silly npmInstallDependencies   '@types/webpack@^4.4.35',
97 silly npmInstallDependencies   'stream@0.0.2',
97 silly npmInstallDependencies   'timers@^0.1.1',
97 silly npmInstallDependencies   '@angular-devkit/build-angular@~0.800.0',
97 silly npmInstallDependencies   '@angular/cli@~8.0.2',
97 silly npmInstallDependencies   '@angular/compiler-cli@~8.0.0',
97 silly npmInstallDependencies   '@angular/language-service@~8.0.0',
97 silly npmInstallDependencies   '@types/jasminewd2@~2.0.3',
97 silly npmInstallDependencies   'codelyzer@^5.0.0',
97 silly npmInstallDependencies   'jasmine-core@~3.4.0',
97 silly npmInstallDependencies   'karma@~4.1.0',
97 silly npmInstallDependencies   'karma-chrome-launcher@~2.2.0',
97 silly npmInstallDependencies   'karma-coverage-istanbul-reporter@~2.0.1',
97 silly npmInstallDependencies   'karma-jasmine@~2.0.1',
97 silly npmInstallDependencies   'karma-jasmine-html-reporter@^1.4.0',
97 silly npmInstallDependencies   'protractor@~5.4.0',
97 silly npmInstallDependencies   'tslint@~5.15.0',
97 silly npmInstallDependencies   '@angular/common@~8.0.0',
97 silly npmInstallDependencies   '@angular/compiler@~8.0.0',
97 silly npmInstallDependencies   '@angular/core@^8.0.3',
97 silly npmInstallDependencies   '@angular/forms@~8.0.0',
97 silly npmInstallDependencies   '@angular/platform-browser@~8.0.0',
97 silly npmInstallDependencies   '@angular/platform-browser-dynamic@~8.0.0',
97 silly npmInstallDependencies   '@angular/router@~8.0.0',
97 silly npmInstallDependencies   'angular-tree-component@^8.4.0',
97 silly npmInstallDependencies   'core-js@^2.6.9',
97 silly npmInstallDependencies   'hammerjs@^2.0.8',
97 silly npmInstallDependencies   'install@^0.13.0',
97 silly npmInstallDependencies   'libxmljs@^0.19.5',
97 silly npmInstallDependencies   'npm@^6.10.1',
97 silly npmInstallDependencies   'rxjs@~6.4.0',
97 silly npmInstallDependencies   'tslib@^1.9.0',
97 silly npmInstallDependencies   'xmldoc@^1.1.2',
97 silly npmInstallDependencies   'zone.js@~0.9.1' ]
98 silly npmInstallDependencies backup C:\Users\nangt\workspaces\tracer-client\package.json
99 info hoist Pruning hoisted dependencies
100 silly prune [ 'C:\\Users\\nangt\\workspaces\\tracer-client\\dev-tools\\node_modules\\copyfiles',
100 silly prune   'C:\\Users\\nangt\\workspaces\\tracer-client\\tracer-client\\node_modules\\copyfiles',
100 silly prune   'C:\\Users\\nangt\\workspaces\\tracer-client\\dev-tools\\node_modules\\cors',
100 silly prune   'C:\\Users\\nangt\\workspaces\\tracer-client\\dev-tools\\node_modules\\ts-loader',
100 silly prune   'C:\\Users\\nangt\\workspaces\\tracer-client\\tracer-client\\node_modules\\ts-loader',
100 silly prune   'C:\\Users\\nangt\\workspaces\\tracer-client\\dev-tools\\node_modules\\webpack',
100 silly prune   'C:\\Users\\nangt\\workspaces\\tracer-client\\tracer-client\\node_modules\\webpack',
100 silly prune   'C:\\Users\\nangt\\workspaces\\tracer-client\\dev-tools\\node_modules\\webpack-dev-server',
100 silly prune   'C:\\Users\\nangt\\workspaces\\tracer-client\\tracer-client\\node_modules\\webpack-dev-server',
100 silly prune   'C:\\Users\\nangt\\workspaces\\tracer-client\\dev-tools\\node_modules\\@types\\http-proxy',
100 silly prune   'C:\\Users\\nangt\\workspaces\\tracer-client\\tracer-client\\node_modules\\@types\\http-proxy',
100 silly prune   'C:\\Users\\nangt\\workspaces\\tracer-client\\dev-tools\\node_modules\\@types\\jasmine',
100 silly prune   'C:\\Users\\nangt\\workspaces\\tracer-client\\tracer-client\\node_modules\\@types\\jasmine',
100 silly prune   'C:\\Users\\nangt\\workspaces\\tracer-client\\dev-tools\\node_modules\\@types\\node',
100 silly prune   'C:\\Users\\nangt\\workspaces\\tracer-client\\tracer-client\\node_modules\\@types\\node',
100 silly prune   'C:\\Users\\nangt\\workspaces\\tracer-client\\dev-tools\\node_modules\\@types\\promise',
100 silly prune   'C:\\Users\\nangt\\workspaces\\tracer-client\\tracer-client\\node_modules\\@types\\promise',
100 silly prune   'C:\\Users\\nangt\\workspaces\\tracer-client\\dev-tools\\node_modules\\@types\\reflect-metadata',
100 silly prune   'C:\\Users\\nangt\\workspaces\\tracer-client\\tracer-client\\node_modules\\@types\\reflect-metadata',
100 silly prune   'C:\\Users\\nangt\\workspaces\\tracer-client\\dev-tools\\node_modules\\dot',
100 silly prune   'C:\\Users\\nangt\\workspaces\\tracer-client\\tracer-client\\node_modules\\dot',
100 silly prune   'C:\\Users\\nangt\\workspaces\\tracer-client\\dev-tools\\node_modules\\http',
100 silly prune   'C:\\Users\\nangt\\workspaces\\tracer-client\\tracer-client\\node_modules\\http',
100 silly prune   'C:\\Users\\nangt\\workspaces\\tracer-client\\dev-tools\\node_modules\\http-proxy',
100 silly prune   'C:\\Users\\nangt\\workspaces\\tracer-client\\tracer-client\\node_modules\\http-proxy',
100 silly prune   'C:\\Users\\nangt\\workspaces\\tracer-client\\dev-tools\\node_modules\\open',
100 silly prune   'C:\\Users\\nangt\\workspaces\\tracer-client\\tracer-client\\node_modules\\open',
100 silly prune   'C:\\Users\\nangt\\workspaces\\tracer-client\\dev-tools\\node_modules\\reflect-metadata',
100 silly prune   'C:\\Users\\nangt\\workspaces\\tracer-client\\tracer-client\\node_modules\\reflect-metadata',
100 silly prune   'C:\\Users\\nangt\\workspaces\\tracer-client\\dev-tools\\node_modules\\ts-node',
100 silly prune   'C:\\Users\\nangt\\workspaces\\tracer-client\\tracer-client\\node_modules\\ts-node',
100 silly prune   'C:\\Users\\nangt\\workspaces\\tracer-client\\tracer-client\\node_modules\\@types\\xml2js',
100 silly prune   'C:\\Users\\nangt\\workspaces\\tracer-client\\tracer-client\\node_modules\\istanbul',
100 silly prune   'C:\\Users\\nangt\\workspaces\\tracer-client\\tracer-client\\node_modules\\jasmine',
100 silly prune   'C:\\Users\\nangt\\workspaces\\tracer-client\\tracer-view-classic\\node_modules\\jasmine-spec-reporter',
100 silly prune   'C:\\Users\\nangt\\workspaces\\tracer-client\\tracer-client\\node_modules\\jasmine-ts',
100 silly prune   'C:\\Users\\nangt\\workspaces\\tracer-client\\tracer-view-classic\\node_modules\\typescript',
100 silly prune   'C:\\Users\\nangt\\workspaces\\tracer-client\\tracer-client\\node_modules\\webpack-cli',
100 silly prune   'C:\\Users\\nangt\\workspaces\\tracer-client\\tracer-client\\node_modules\\xml2js',
100 silly prune   'C:\\Users\\nangt\\workspaces\\tracer-client\\tracer-client\\node_modules\\@types\\webpack',
100 silly prune   'C:\\Users\\nangt\\workspaces\\tracer-client\\tracer-client\\node_modules\\stream',
100 silly prune   'C:\\Users\\nangt\\workspaces\\tracer-client\\tracer-client\\node_modules\\timers',
100 silly prune   'C:\\Users\\nangt\\workspaces\\tracer-client\\tracer-view-classic\\node_modules\\@angular-devkit\\build-angular',
100 silly prune   'C:\\Users\\nangt\\workspaces\\tracer-client\\tracer-view-classic\\node_modules\\@angular\\cli',
100 silly prune   'C:\\Users\\nangt\\workspaces\\tracer-client\\tracer-view-classic\\node_modules\\@angular\\compiler-cli',
100 silly prune   'C:\\Users\\nangt\\workspaces\\tracer-client\\tracer-view-classic\\node_modules\\@angular\\language-service',
100 silly prune   'C:\\Users\\nangt\\workspaces\\tracer-client\\tracer-view-classic\\node_modules\\@types\\jasminewd2',
100 silly prune   'C:\\Users\\nangt\\workspaces\\tracer-client\\tracer-view-classic\\node_modules\\codelyzer',
100 silly prune   'C:\\Users\\nangt\\workspaces\\tracer-client\\tracer-view-classic\\node_modules\\jasmine-core',
100 silly prune   'C:\\Users\\nangt\\workspaces\\tracer-client\\tracer-view-classic\\node_modules\\karma',
100 silly prune   'C:\\Users\\nangt\\workspaces\\tracer-client\\tracer-view-classic\\node_modules\\karma-chrome-launcher',
100 silly prune   'C:\\Users\\nangt\\workspaces\\tracer-client\\tracer-view-classic\\node_modules\\karma-coverage-istanbul-reporter',
100 silly prune   'C:\\Users\\nangt\\workspaces\\tracer-client\\tracer-view-classic\\node_modules\\karma-jasmine',
100 silly prune   'C:\\Users\\nangt\\workspaces\\tracer-client\\tracer-view-classic\\node_modules\\karma-jasmine-html-reporter',
100 silly prune   'C:\\Users\\nangt\\workspaces\\tracer-client\\tracer-view-classic\\node_modules\\protractor',
100 silly prune   'C:\\Users\\nangt\\workspaces\\tracer-client\\tracer-view-classic\\node_modules\\tslint',
100 silly prune   'C:\\Users\\nangt\\workspaces\\tracer-client\\tracer-view-classic\\node_modules\\@angular\\common',
100 silly prune   'C:\\Users\\nangt\\workspaces\\tracer-client\\tracer-view-classic\\node_modules\\@angular\\compiler',
100 silly prune   'C:\\Users\\nangt\\workspaces\\tracer-client\\tracer-view-classic\\node_modules\\@angular\\core',
100 silly prune   'C:\\Users\\nangt\\workspaces\\tracer-client\\tracer-view-classic\\node_modules\\@angular\\forms',
100 silly prune   'C:\\Users\\nangt\\workspaces\\tracer-client\\tracer-view-classic\\node_modules\\@angular\\platform-browser',
100 silly prune   'C:\\Users\\nangt\\workspaces\\tracer-client\\tracer-view-classic\\node_modules\\@angular\\platform-browser-dynamic',
100 silly prune   'C:\\Users\\nangt\\workspaces\\tracer-client\\tracer-view-classic\\node_modules\\@angular\\router',
100 silly prune   'C:\\Users\\nangt\\workspaces\\tracer-client\\tracer-view-classic\\node_modules\\angular-tree-component',
100 silly prune   'C:\\Users\\nangt\\workspaces\\tracer-client\\tracer-view-classic\\node_modules\\core-js',
100 silly prune   'C:\\Users\\nangt\\workspaces\\tracer-client\\tracer-view-classic\\node_modules\\hammerjs',
100 silly prune   'C:\\Users\\nangt\\workspaces\\tracer-client\\tracer-view-classic\\node_modules\\install',
100 silly prune   'C:\\Users\\nangt\\workspaces\\tracer-client\\tracer-view-classic\\node_modules\\libxmljs',
100 silly prune   'C:\\Users\\nangt\\workspaces\\tracer-client\\tracer-view-classic\\node_modules\\npm',
100 silly prune   'C:\\Users\\nangt\\workspaces\\tracer-client\\tracer-view-classic\\node_modules\\rxjs',
100 silly prune   'C:\\Users\\nangt\\workspaces\\tracer-client\\tracer-view-classic\\node_modules\\tslib',
100 silly prune   'C:\\Users\\nangt\\workspaces\\tracer-client\\tracer-view-classic\\node_modules\\xmldoc',
100 silly prune   'C:\\Users\\nangt\\workspaces\\tracer-client\\tracer-view-classic\\node_modules\\zone.js' ]
101 silly npmInstallDependencies tracer-view-classic [ '@angular/animations@^8.0.3',
101 silly npmInstallDependencies   '@angular/cdk@github:angular/cdk-builds',
101 silly npmInstallDependencies   '@angular/material@github:angular/material2-builds',
101 silly npmInstallDependencies   '@types/jasmine@~3.3.8',
101 silly npmInstallDependencies   '@types/node@~8.9.4',
101 silly npmInstallDependencies   'ts-node@~7.0.0' ]
102 silly npmInstallDependencies backup C:\Users\nangt\workspaces\tracer-client\tracer-view-classic\package.json
103 silly rimrafDir C:\Users\nangt\workspaces\tracer-client\dev-tools\node_modules\copyfiles
104 silly rimrafDir C:\Users\nangt\workspaces\tracer-client\tracer-client\node_modules\copyfiles
105 silly rimrafDir C:\Users\nangt\workspaces\tracer-client\dev-tools\node_modules\cors
106 silly rimrafDir C:\Users\nangt\workspaces\tracer-client\dev-tools\node_modules\ts-loader
107 silly rimrafDir C:\Users\nangt\workspaces\tracer-client\tracer-client\node_modules\ts-loader
108 silly rimrafDir C:\Users\nangt\workspaces\tracer-client\dev-tools\node_modules\webpack
109 silly rimrafDir C:\Users\nangt\workspaces\tracer-client\tracer-client\node_modules\webpack
110 silly rimrafDir C:\Users\nangt\workspaces\tracer-client\dev-tools\node_modules\webpack-dev-server
111 silly npmInstallDependencies writing tempJson { name: 'pega-tracer',
111 silly npmInstallDependencies   version: '1.0.0',
111 silly npmInstallDependencies   description:
111 silly npmInstallDependencies    '[![Build Status](https://travis-ci.org/pegasystems/tracer-client.svg?branch=master)](https://travis-ci.org/pegasystems/tracer-client) [![codecov](https://codecov.io/gh/pegasystems/tracer-client/branch/master/graph/badge.svg)](https://codecov.io/gh/pegasystems/tracer-client)',
111 silly npmInstallDependencies   main: 'tracer-client/webpack.config.js',
111 silly npmInstallDependencies   directories: { lib: 'lib' },
111 silly npmInstallDependencies   repository:
111 silly npmInstallDependencies    { type: 'git',
111 silly npmInstallDependencies      url: 'git+https://github.com/pegasystems/tracer-client.git' },
111 silly npmInstallDependencies   author: 'Ryan.Feeney@pega.com',
111 silly npmInstallDependencies   license: 'MIT',
111 silly npmInstallDependencies   bugs:
111 silly npmInstallDependencies    { url: 'https://github.com/pegasystems/tracer-client/issues' },
111 silly npmInstallDependencies   homepage: 'https://github.com/pegasystems/tracer-client#readme',
111 silly npmInstallDependencies   devDependencies: { copyfiles: '^2.1.0', lerna: '^3.15.0' },
111 silly npmInstallDependencies   dependencies:
111 silly npmInstallDependencies    { '@angular/animations': '^8.1.1',
111 silly npmInstallDependencies      '@angular/cdk': '^8.1.1',
111 silly npmInstallDependencies      '@angular/material': '^8.1.1',
111 silly npmInstallDependencies      cors: '^2.8.5',
111 silly npmInstallDependencies      'ts-loader': '^5.4.4',
111 silly npmInstallDependencies      webpack: '^4.32.2',
111 silly npmInstallDependencies      'webpack-dev-server': '^3.5.1',
111 silly npmInstallDependencies      '@types/http-proxy': '^1.17.0',
111 silly npmInstallDependencies      '@types/jasmine': '^3.3.13',
111 silly npmInstallDependencies      '@types/node': '^12.0.4',
111 silly npmInstallDependencies      '@types/promise': '^7.1.30',
111 silly npmInstallDependencies      '@types/reflect-metadata': '^0.1.0',
111 silly npmInstallDependencies      dot: '^1.1.2',
111 silly npmInstallDependencies      http: '0.0.0',
111 silly npmInstallDependencies      'http-proxy': '^1.17.0',
111 silly npmInstallDependencies      open: '^6.3.0',
111 silly npmInstallDependencies      'reflect-metadata': '^0.1.13',
111 silly npmInstallDependencies      'ts-node': '^8.2.0',
111 silly npmInstallDependencies      '@types/xml2js': '^0.4.4',
111 silly npmInstallDependencies      istanbul: '^0.4.5',
111 silly npmInstallDependencies      jasmine: '^2.99.0',
111 silly npmInstallDependencies      'jasmine-spec-reporter': '~4.2.1',
111 silly npmInstallDependencies      'jasmine-ts': '^0.3.0',
111 silly npmInstallDependencies      typescript: '~3.4.3',
111 silly npmInstallDependencies      'webpack-cli': '^3.2.3',
111 silly npmInstallDependencies      xml2js: '^0.4.19',
111 silly npmInstallDependencies      '@types/webpack': '^4.4.35',
111 silly npmInstallDependencies      stream: '0.0.2',
111 silly npmInstallDependencies      timers: '^0.1.1',
111 silly npmInstallDependencies      '@angular-devkit/build-angular': '~0.800.0',
111 silly npmInstallDependencies      '@angular/cli': '~8.0.2',
111 silly npmInstallDependencies      '@angular/compiler-cli': '~8.0.0',
111 silly npmInstallDependencies      '@angular/language-service': '~8.0.0',
111 silly npmInstallDependencies      '@types/jasminewd2': '~2.0.3',
111 silly npmInstallDependencies      codelyzer: '^5.0.0',
111 silly npmInstallDependencies      'jasmine-core': '~3.4.0',
111 silly npmInstallDependencies      karma: '~4.1.0',
111 silly npmInstallDependencies      'karma-chrome-launcher': '~2.2.0',
111 silly npmInstallDependencies      'karma-coverage-istanbul-reporter': '~2.0.1',
111 silly npmInstallDependencies      'karma-jasmine': '~2.0.1',
111 silly npmInstallDependencies      'karma-jasmine-html-reporter': '^1.4.0',
111 silly npmInstallDependencies      protractor: '~5.4.0',
111 silly npmInstallDependencies      tslint: '~5.15.0',
111 silly npmInstallDependencies      '@angular/common': '~8.0.0',
111 silly npmInstallDependencies      '@angular/compiler': '~8.0.0',
111 silly npmInstallDependencies      '@angular/core': '^8.0.3',
111 silly npmInstallDependencies      '@angular/forms': '~8.0.0',
111 silly npmInstallDependencies      '@angular/platform-browser': '~8.0.0',
111 silly npmInstallDependencies      '@angular/platform-browser-dynamic': '~8.0.0',
111 silly npmInstallDependencies      '@angular/router': '~8.0.0',
111 silly npmInstallDependencies      'angular-tree-component': '^8.4.0',
111 silly npmInstallDependencies      'core-js': '^2.6.9',
111 silly npmInstallDependencies      hammerjs: '^2.0.8',
111 silly npmInstallDependencies      install: '^0.13.0',
111 silly npmInstallDependencies      libxmljs: '^0.19.5',
111 silly npmInstallDependencies      npm: '^6.10.1',
111 silly npmInstallDependencies      rxjs: '~6.4.0',
111 silly npmInstallDependencies      tslib: '^1.9.0',
111 silly npmInstallDependencies      xmldoc: '^1.1.2',
111 silly npmInstallDependencies      'zone.js': '~0.9.1' } }
112 silly npmInstallDependencies writing tempJson { name: 'tracer-view-classic',
112 silly npmInstallDependencies   version: '0.0.0',
112 silly npmInstallDependencies   private: true,
112 silly npmInstallDependencies   dependencies:
112 silly npmInstallDependencies    { '@angular/animations': '^8.0.3',
112 silly npmInstallDependencies      '@angular/cdk': 'github:angular/cdk-builds',
112 silly npmInstallDependencies      '@angular/material': 'github:angular/material2-builds' },
112 silly npmInstallDependencies   devDependencies:
112 silly npmInstallDependencies    { '@types/jasmine': '~3.3.8',
112 silly npmInstallDependencies      '@types/node': '~8.9.4',
112 silly npmInstallDependencies      'ts-node': '~7.0.0' } }
113 verbose prune C:\Users\nangt\workspaces\tracer-client\tracer-client\node_modules\copyfiles
114 silly rimrafDir C:\Users\nangt\workspaces\tracer-client\tracer-client\node_modules\webpack-dev-server
115 verbose prune C:\Users\nangt\workspaces\tracer-client\tracer-client\node_modules\ts-loader
116 silly rimrafDir C:\Users\nangt\workspaces\tracer-client\dev-tools\node_modules\@types\http-proxy
117 verbose prune C:\Users\nangt\workspaces\tracer-client\tracer-client\node_modules\webpack
118 silly rimrafDir C:\Users\nangt\workspaces\tracer-client\tracer-client\node_modules\@types\http-proxy
119 verbose prune C:\Users\nangt\workspaces\tracer-client\tracer-client\node_modules\webpack-dev-server
120 silly rimrafDir C:\Users\nangt\workspaces\tracer-client\dev-tools\node_modules\@types\jasmine
121 verbose prune C:\Users\nangt\workspaces\tracer-client\tracer-client\node_modules\@types\http-proxy
122 silly rimrafDir C:\Users\nangt\workspaces\tracer-client\tracer-client\node_modules\@types\jasmine
123 verbose prune C:\Users\nangt\workspaces\tracer-client\tracer-client\node_modules\@types\jasmine
124 silly rimrafDir C:\Users\nangt\workspaces\tracer-client\dev-tools\node_modules\@types\node
125 silly getExecOpts C:\Users\nangt\workspaces\tracer-client undefined
126 silly npmInstall [ 'npm', [ 'install' ] ]
127 verbose rimrafDir removed C:\Users\nangt\workspaces\tracer-client\dev-tools\node_modules\copyfiles
128 verbose prune C:\Users\nangt\workspaces\tracer-client\dev-tools\node_modules\copyfiles
129 silly rimrafDir C:\Users\nangt\workspaces\tracer-client\tracer-client\node_modules\@types\node
130 verbose prune C:\Users\nangt\workspaces\tracer-client\tracer-client\node_modules\@types\node
131 silly rimrafDir C:\Users\nangt\workspaces\tracer-client\dev-tools\node_modules\@types\promise
132 silly getExecOpts C:\Users\nangt\workspaces\tracer-client\tracer-view-classic undefined
133 silly npmInstall [ 'npm', [ 'install', '--global-style' ] ]
134 verbose rimrafDir removed C:\Users\nangt\workspaces\tracer-client\dev-tools\node_modules\cors
135 verbose prune C:\Users\nangt\workspaces\tracer-client\dev-tools\node_modules\cors
136 silly rimrafDir C:\Users\nangt\workspaces\tracer-client\tracer-client\node_modules\@types\promise
137 verbose rimrafDir removed C:\Users\nangt\workspaces\tracer-client\dev-tools\node_modules\ts-loader
138 verbose prune C:\Users\nangt\workspaces\tracer-client\dev-tools\node_modules\ts-loader
139 silly rimrafDir C:\Users\nangt\workspaces\tracer-client\dev-tools\node_modules\@types\reflect-metadata
140 verbose prune C:\Users\nangt\workspaces\tracer-client\tracer-client\node_modules\@types\promise
141 silly rimrafDir C:\Users\nangt\workspaces\tracer-client\tracer-client\node_modules\@types\reflect-metadata
142 verbose prune C:\Users\nangt\workspaces\tracer-client\tracer-client\node_modules\@types\reflect-metadata
143 silly rimrafDir C:\Users\nangt\workspaces\tracer-client\dev-tools\node_modules\dot
144 verbose rimrafDir removed C:\Users\nangt\workspaces\tracer-client\dev-tools\node_modules\webpack
145 verbose prune C:\Users\nangt\workspaces\tracer-client\dev-tools\node_modules\webpack
146 silly rimrafDir C:\Users\nangt\workspaces\tracer-client\tracer-client\node_modules\dot
147 verbose prune C:\Users\nangt\workspaces\tracer-client\tracer-client\node_modules\dot
148 silly rimrafDir C:\Users\nangt\workspaces\tracer-client\dev-tools\node_modules\http
149 verbose rimrafDir removed C:\Users\nangt\workspaces\tracer-client\dev-tools\node_modules\@types\jasmine
150 verbose prune C:\Users\nangt\workspaces\tracer-client\dev-tools\node_modules\@types\jasmine
151 silly rimrafDir C:\Users\nangt\workspaces\tracer-client\tracer-client\node_modules\http
152 verbose rimrafDir removed C:\Users\nangt\workspaces\tracer-client\dev-tools\node_modules\@types\http-proxy
153 verbose prune C:\Users\nangt\workspaces\tracer-client\dev-tools\node_modules\@types\http-proxy
154 silly rimrafDir C:\Users\nangt\workspaces\tracer-client\dev-tools\node_modules\http-proxy
155 verbose prune C:\Users\nangt\workspaces\tracer-client\tracer-client\node_modules\http
156 silly rimrafDir C:\Users\nangt\workspaces\tracer-client\tracer-client\node_modules\http-proxy
157 verbose prune C:\Users\nangt\workspaces\tracer-client\tracer-client\node_modules\http-proxy
158 silly rimrafDir C:\Users\nangt\workspaces\tracer-client\dev-tools\node_modules\open
159 verbose rimrafDir removed C:\Users\nangt\workspaces\tracer-client\dev-tools\node_modules\webpack-dev-server
160 verbose prune C:\Users\nangt\workspaces\tracer-client\dev-tools\node_modules\webpack-dev-server
161 silly rimrafDir C:\Users\nangt\workspaces\tracer-client\tracer-client\node_modules\open
162 verbose prune C:\Users\nangt\workspaces\tracer-client\tracer-client\node_modules\open
163 silly rimrafDir C:\Users\nangt\workspaces\tracer-client\dev-tools\node_modules\reflect-metadata
164 verbose rimrafDir removed C:\Users\nangt\workspaces\tracer-client\dev-tools\node_modules\@types\node
165 verbose prune C:\Users\nangt\workspaces\tracer-client\dev-tools\node_modules\@types\node
166 silly rimrafDir C:\Users\nangt\workspaces\tracer-client\tracer-client\node_modules\reflect-metadata
167 verbose prune C:\Users\nangt\workspaces\tracer-client\tracer-client\node_modules\reflect-metadata
168 silly rimrafDir C:\Users\nangt\workspaces\tracer-client\dev-tools\node_modules\ts-node
169 verbose rimrafDir removed C:\Users\nangt\workspaces\tracer-client\dev-tools\node_modules\@types\promise
170 verbose prune C:\Users\nangt\workspaces\tracer-client\dev-tools\node_modules\@types\promise
171 silly rimrafDir C:\Users\nangt\workspaces\tracer-client\tracer-client\node_modules\ts-node
172 verbose prune C:\Users\nangt\workspaces\tracer-client\tracer-client\node_modules\ts-node
173 silly rimrafDir C:\Users\nangt\workspaces\tracer-client\tracer-client\node_modules\@types\xml2js
174 verbose prune C:\Users\nangt\workspaces\tracer-client\tracer-client\node_modules\@types\xml2js
175 silly rimrafDir C:\Users\nangt\workspaces\tracer-client\tracer-client\node_modules\istanbul
176 verbose prune C:\Users\nangt\workspaces\tracer-client\tracer-client\node_modules\istanbul
177 silly rimrafDir C:\Users\nangt\workspaces\tracer-client\tracer-client\node_modules\jasmine
178 verbose prune C:\Users\nangt\workspaces\tracer-client\tracer-client\node_modules\jasmine
179 silly rimrafDir C:\Users\nangt\workspaces\tracer-client\tracer-view-classic\node_modules\jasmine-spec-reporter
180 verbose rimrafDir removed C:\Users\nangt\workspaces\tracer-client\dev-tools\node_modules\@types\reflect-metadata
181 verbose prune C:\Users\nangt\workspaces\tracer-client\dev-tools\node_modules\@types\reflect-metadata
182 silly rimrafDir C:\Users\nangt\workspaces\tracer-client\tracer-client\node_modules\jasmine-ts
183 verbose prune C:\Users\nangt\workspaces\tracer-client\tracer-client\node_modules\jasmine-ts
184 silly rimrafDir C:\Users\nangt\workspaces\tracer-client\tracer-view-classic\node_modules\typescript
185 verbose rimrafDir removed C:\Users\nangt\workspaces\tracer-client\dev-tools\node_modules\http-proxy
186 verbose prune C:\Users\nangt\workspaces\tracer-client\dev-tools\node_modules\http-proxy
187 silly rimrafDir C:\Users\nangt\workspaces\tracer-client\tracer-client\node_modules\webpack-cli
188 verbose prune C:\Users\nangt\workspaces\tracer-client\tracer-client\node_modules\webpack-cli
189 silly rimrafDir C:\Users\nangt\workspaces\tracer-client\tracer-client\node_modules\xml2js
190 verbose prune C:\Users\nangt\workspaces\tracer-client\tracer-client\node_modules\xml2js
191 silly rimrafDir C:\Users\nangt\workspaces\tracer-client\tracer-client\node_modules\@types\webpack
192 verbose prune C:\Users\nangt\workspaces\tracer-client\tracer-client\node_modules\@types\webpack
193 silly rimrafDir C:\Users\nangt\workspaces\tracer-client\tracer-client\node_modules\stream
194 verbose prune C:\Users\nangt\workspaces\tracer-client\tracer-client\node_modules\stream
195 silly rimrafDir C:\Users\nangt\workspaces\tracer-client\tracer-client\node_modules\timers
196 verbose prune C:\Users\nangt\workspaces\tracer-client\tracer-client\node_modules\timers
197 silly rimrafDir C:\Users\nangt\workspaces\tracer-client\tracer-view-classic\node_modules\@angular-devkit\build-angular
198 verbose rimrafDir removed C:\Users\nangt\workspaces\tracer-client\dev-tools\node_modules\http
199 verbose prune C:\Users\nangt\workspaces\tracer-client\dev-tools\node_modules\http
200 silly rimrafDir C:\Users\nangt\workspaces\tracer-client\tracer-view-classic\node_modules\@angular\cli
201 verbose rimrafDir removed C:\Users\nangt\workspaces\tracer-client\dev-tools\node_modules\open
202 verbose prune C:\Users\nangt\workspaces\tracer-client\dev-tools\node_modules\open
203 silly rimrafDir C:\Users\nangt\workspaces\tracer-client\tracer-view-classic\node_modules\@angular\compiler-cli
204 verbose rimrafDir removed C:\Users\nangt\workspaces\tracer-client\dev-tools\node_modules\dot
205 verbose prune C:\Users\nangt\workspaces\tracer-client\dev-tools\node_modules\dot
206 silly rimrafDir C:\Users\nangt\workspaces\tracer-client\tracer-view-classic\node_modules\@angular\language-service
207 verbose rimrafDir removed C:\Users\nangt\workspaces\tracer-client\dev-tools\node_modules\reflect-metadata
208 verbose prune C:\Users\nangt\workspaces\tracer-client\dev-tools\node_modules\reflect-metadata
209 silly rimrafDir C:\Users\nangt\workspaces\tracer-client\tracer-view-classic\node_modules\@types\jasminewd2
210 verbose rimrafDir removed C:\Users\nangt\workspaces\tracer-client\dev-tools\node_modules\ts-node
211 verbose prune C:\Users\nangt\workspaces\tracer-client\dev-tools\node_modules\ts-node
212 silly rimrafDir C:\Users\nangt\workspaces\tracer-client\tracer-view-classic\node_modules\codelyzer
213 verbose rimrafDir removed C:\Users\nangt\workspaces\tracer-client\tracer-view-classic\node_modules\typescript
214 verbose prune C:\Users\nangt\workspaces\tracer-client\tracer-view-classic\node_modules\typescript
215 silly rimrafDir C:\Users\nangt\workspaces\tracer-client\tracer-view-classic\node_modules\jasmine-core
216 verbose rimrafDir removed C:\Users\nangt\workspaces\tracer-client\tracer-view-classic\node_modules\jasmine-spec-reporter
217 verbose prune C:\Users\nangt\workspaces\tracer-client\tracer-view-classic\node_modules\jasmine-spec-reporter
218 silly rimrafDir C:\Users\nangt\workspaces\tracer-client\tracer-view-classic\node_modules\karma
219 verbose rimrafDir removed C:\Users\nangt\workspaces\tracer-client\tracer-view-classic\node_modules\@angular\cli
220 verbose prune C:\Users\nangt\workspaces\tracer-client\tracer-view-classic\node_modules\@angular\cli
221 silly rimrafDir C:\Users\nangt\workspaces\tracer-client\tracer-view-classic\node_modules\karma-chrome-launcher
222 verbose rimrafDir removed C:\Users\nangt\workspaces\tracer-client\tracer-view-classic\node_modules\@angular\language-service
223 verbose prune C:\Users\nangt\workspaces\tracer-client\tracer-view-classic\node_modules\@angular\language-service
224 silly rimrafDir C:\Users\nangt\workspaces\tracer-client\tracer-view-classic\node_modules\karma-coverage-istanbul-reporter
225 verbose rimrafDir removed C:\Users\nangt\workspaces\tracer-client\tracer-view-classic\node_modules\@types\jasminewd2
226 verbose prune C:\Users\nangt\workspaces\tracer-client\tracer-view-classic\node_modules\@types\jasminewd2
227 silly rimrafDir C:\Users\nangt\workspaces\tracer-client\tracer-view-classic\node_modules\karma-jasmine
228 verbose rimrafDir removed C:\Users\nangt\workspaces\tracer-client\tracer-view-classic\node_modules\@angular\compiler-cli
229 verbose prune C:\Users\nangt\workspaces\tracer-client\tracer-view-classic\node_modules\@angular\compiler-cli
230 silly rimrafDir C:\Users\nangt\workspaces\tracer-client\tracer-view-classic\node_modules\karma-jasmine-html-reporter
231 verbose rimrafDir removed C:\Users\nangt\workspaces\tracer-client\tracer-view-classic\node_modules\codelyzer
232 verbose prune C:\Users\nangt\workspaces\tracer-client\tracer-view-classic\node_modules\codelyzer
233 silly rimrafDir C:\Users\nangt\workspaces\tracer-client\tracer-view-classic\node_modules\protractor
234 verbose rimrafDir removed C:\Users\nangt\workspaces\tracer-client\tracer-view-classic\node_modules\karma-chrome-launcher
235 verbose prune C:\Users\nangt\workspaces\tracer-client\tracer-view-classic\node_modules\karma-chrome-launcher
236 silly rimrafDir C:\Users\nangt\workspaces\tracer-client\tracer-view-classic\node_modules\tslint
237 verbose rimrafDir removed C:\Users\nangt\workspaces\tracer-client\tracer-view-classic\node_modules\jasmine-core
238 verbose prune C:\Users\nangt\workspaces\tracer-client\tracer-view-classic\node_modules\jasmine-core
239 silly rimrafDir C:\Users\nangt\workspaces\tracer-client\tracer-view-classic\node_modules\@angular\common
240 verbose rimrafDir removed C:\Users\nangt\workspaces\tracer-client\tracer-view-classic\node_modules\karma-coverage-istanbul-reporter
241 verbose prune C:\Users\nangt\workspaces\tracer-client\tracer-view-classic\node_modules\karma-coverage-istanbul-reporter
242 silly rimrafDir C:\Users\nangt\workspaces\tracer-client\tracer-view-classic\node_modules\@angular\compiler
243 verbose rimrafDir removed C:\Users\nangt\workspaces\tracer-client\tracer-view-classic\node_modules\karma-jasmine-html-reporter
244 verbose prune C:\Users\nangt\workspaces\tracer-client\tracer-view-classic\node_modules\karma-jasmine-html-reporter
245 silly rimrafDir C:\Users\nangt\workspaces\tracer-client\tracer-view-classic\node_modules\@angular\core
246 verbose rimrafDir removed C:\Users\nangt\workspaces\tracer-client\tracer-view-classic\node_modules\karma-jasmine
247 verbose prune C:\Users\nangt\workspaces\tracer-client\tracer-view-classic\node_modules\karma-jasmine
248 silly rimrafDir C:\Users\nangt\workspaces\tracer-client\tracer-view-classic\node_modules\@angular\forms
249 verbose rimrafDir removed C:\Users\nangt\workspaces\tracer-client\tracer-view-classic\node_modules\karma
250 verbose prune C:\Users\nangt\workspaces\tracer-client\tracer-view-classic\node_modules\karma
251 silly rimrafDir C:\Users\nangt\workspaces\tracer-client\tracer-view-classic\node_modules\@angular\platform-browser
252 verbose rimrafDir removed C:\Users\nangt\workspaces\tracer-client\tracer-view-classic\node_modules\tslint
253 verbose prune C:\Users\nangt\workspaces\tracer-client\tracer-view-classic\node_modules\tslint
254 silly rimrafDir C:\Users\nangt\workspaces\tracer-client\tracer-view-classic\node_modules\@angular\platform-browser-dynamic
255 verbose rimrafDir removed C:\Users\nangt\workspaces\tracer-client\tracer-view-classic\node_modules\protractor
256 verbose prune C:\Users\nangt\workspaces\tracer-client\tracer-view-classic\node_modules\protractor
257 silly rimrafDir C:\Users\nangt\workspaces\tracer-client\tracer-view-classic\node_modules\@angular\router
258 verbose rimrafDir removed C:\Users\nangt\workspaces\tracer-client\tracer-view-classic\node_modules\@angular-devkit\build-angular
259 verbose prune C:\Users\nangt\workspaces\tracer-client\tracer-view-classic\node_modules\@angular-devkit\build-angular
260 silly rimrafDir C:\Users\nangt\workspaces\tracer-client\tracer-view-classic\node_modules\angular-tree-component
261 verbose rimrafDir removed C:\Users\nangt\workspaces\tracer-client\tracer-view-classic\node_modules\@angular\compiler
262 verbose prune C:\Users\nangt\workspaces\tracer-client\tracer-view-classic\node_modules\@angular\compiler
263 silly rimrafDir C:\Users\nangt\workspaces\tracer-client\tracer-view-classic\node_modules\core-js
264 verbose rimrafDir removed C:\Users\nangt\workspaces\tracer-client\tracer-view-classic\node_modules\@angular\core
265 verbose prune C:\Users\nangt\workspaces\tracer-client\tracer-view-classic\node_modules\@angular\core
266 silly rimrafDir C:\Users\nangt\workspaces\tracer-client\tracer-view-classic\node_modules\hammerjs
267 error Error: Command failed: C:\Program Files\nodejs\node.exe C:\Users\nangt\workspaces\tracer-client\node_modules\rimraf\bin.js --no-glob C:\Users\nangt\workspaces\tracer-client\tracer-view-classic\node_modules\@angular\forms\
267 error     at makeError (C:\Users\nangt\workspaces\tracer-client\node_modules\execa\index.js:174:9)
267 error     at Promise.all.then.arr (C:\Users\nangt\workspaces\tracer-client\node_modules\execa\index.js:278:16)
